e:\opensource_bsd\ctp_trade\ctp_trade\x64\debug\vc120.pdb
e:\opensource_bsd\ctp_trade\ctp_trade\x64\debug\vc120.idb
e:\opensource_bsd\ctp_trade\ctp_trade\x64\debug\candlebar.obj
e:\opensource_bsd\ctp_trade\ctp_trade\x64\debug\ctp_trade.obj
e:\opensource_bsd\ctp_trade\ctp_trade\x64\debug\glogwrapper.obj
e:\opensource_bsd\ctp_trade\ctp_trade\x64\debug\mdbroadcast.obj
e:\opensource_bsd\ctp_trade\ctp_trade\x64\debug\mdmanager.obj
e:\opensource_bsd\ctp_trade\ctp_trade\x64\debug\rediswrapper.obj
e:\opensource_bsd\ctp_trade\ctp_trade\x64\debug\savedata.obj
e:\opensource_bsd\ctp_trade\ctp_trade\x64\debug\strategy.obj
e:\opensource_bsd\ctp_trade\ctp_trade\x64\debug\tdmanager.obj
e:\opensource_bsd\ctp_trade\ctp_trade\x64\debug\tdtradespi.obj
e:\opensource_bsd\ctp_trade\ctp_trade\x64\debug\techniqueindicator.obj
e:\opensource_bsd\ctp_trade\ctp_trade\x64\debug\trademanager.obj
e:\opensource_bsd\ctp_trade\x64\debug\ctp_trade.ilk
e:\opensource_bsd\ctp_trade\x64\debug\ctp_trade.exe
e:\opensource_bsd\ctp_trade\x64\debug\ctp_trade.pdb
e:\opensource_bsd\ctp_trade\ctp_trade\x64\debug\ctp_trade.tlog\cl.command.1.tlog
e:\opensource_bsd\ctp_trade\ctp_trade\x64\debug\ctp_trade.tlog\cl.read.1.tlog
e:\opensource_bsd\ctp_trade\ctp_trade\x64\debug\ctp_trade.tlog\cl.write.1.tlog
e:\opensource_bsd\ctp_trade\ctp_trade\x64\debug\ctp_trade.tlog\link.command.1.tlog
e:\opensource_bsd\ctp_trade\ctp_trade\x64\debug\ctp_trade.tlog\link.read.1.tlog
e:\opensource_bsd\ctp_trade\ctp_trade\x64\debug\ctp_trade.tlog\link.write.1.tlog
