生成启动时间为 2016/6/8 17:54:30。
     1>项目“E:\OpenSource_BSD\ctp_trade\ctp_trade\ctp_trade.vcxproj”在节点 2 上(Build 个目标)。
     1>ClCompile:
         D:\Program Files (x86)\Microsoft Visual Studio 12.0\VC\bin\x86_amd64\CL.exe /c /I.\..\tradeapi /I.\..\cpp_tools /I.\..\redis\src /I.\..\redis\deps\hiredis /I.\..\glog\src /Zi /nologo /W3 /WX- /sdl /Od /D _DEBUG /D _CONSOLE /D _LIB /D USE_STATIC /D USE_JEMALLOC /D _OFF_T_DEFINED /D USE_DL_PREFIX /D LACKS_STDLIB_H /D NO_QFORKIMPL /D WIN32_IOCP /D _CRT_SECURE_NO_WARNINGS /D PSAPI_VERSION=1 /Gm /EHsc /RTC1 /MTd /GS /fp:precise /Zc:wchar_t /Zc:forScope /Fo"x64\Debug\\" /Fd"x64\Debug\vc120.pdb" /Gd /TP /errorReport:prompt CandleBar.cpp ctp_trade.cpp GLogWrapper.cpp MdBroadcast.cpp MdManager.cpp RedisWrapper.cpp SaveData.cpp Strategy.cpp TdManager.cpp TdTradeSpi.cpp TechniqueIndicator.cpp TradeManager.cpp
         TradeManager.cpp
         TechniqueIndicator.cpp
         TdTradeSpi.cpp
         TdManager.cpp
         Strategy.cpp
         SaveData.cpp
         RedisWrapper.cpp
         MdManager.cpp
         MdBroadcast.cpp
         GLogWrapper.cpp
         ctp_trade.cpp
         CandleBar.cpp
         正在生成代码...
       Link:
         D:\Program Files (x86)\Microsoft Visual Studio 12.0\VC\bin\x86_amd64\link.exe /ERRORREPORT:PROMPT /OUT:"E:\OpenSource_BSD\ctp_trade\x64\Debug\ctp_trade.exe" /INCREMENTAL /NOLOGO /LIBPATH:.\..\tradeapi /LIBPATH:.\..\redis\libd /LIBPATH:.\..\glog thostmduserapi.lib thosttraderapi.lib hiredis.lib Win32_Interop.lib libglog_static.lib kernel32.lib user32.lib gdi32.lib winspool.lib comdlg32.lib advapi32.lib shell32.lib ole32.lib oleaut32.lib uuid.lib odbc32.lib odbccp32.lib /NODEFAULTLIB:MSVCRT /MANIFEST /MANIFESTUAC:"level='asInvoker' uiAccess='false'" /manifest:embed /DEBUG /PDB:"E:\OpenSource_BSD\ctp_trade\x64\Debug\ctp_trade.pdb" /SUBSYSTEM:CONSOLE /TLBID:1 /DYNAMICBASE /NXCOMPAT /IMPLIB:"E:\OpenSource_BSD\ctp_trade\x64\Debug\ctp_trade.lib" /MACHINE:X64 x64\Debug\CandleBar.obj
         x64\Debug\ctp_trade.obj
         x64\Debug\GLogWrapper.obj
         x64\Debug\MdBroadcast.obj
         x64\Debug\MdManager.obj
         x64\Debug\RedisWrapper.obj
         x64\Debug\SaveData.obj
         x64\Debug\Strategy.obj
         x64\Debug\TdManager.obj
         x64\Debug\TdTradeSpi.obj
         x64\Debug\TechniqueIndicator.obj
         x64\Debug\TradeManager.obj
     1>libglog_static.lib(logging.obj) : warning LNK4099: 未找到 PDB“vc120.pdb”(使用“libglog_static.lib(logging.obj)”或在“E:\OpenSource_BSD\ctp_trade\x64\Debug\vc120.pdb”中寻找)；正在链接对象，如同没有调试信息一样
     1>libglog_static.lib(port.obj) : warning LNK4099: 未找到 PDB“vc120.pdb”(使用“libglog_static.lib(port.obj)”或在“E:\OpenSource_BSD\ctp_trade\x64\Debug\vc120.pdb”中寻找)；正在链接对象，如同没有调试信息一样
     1>libglog_static.lib(raw_logging.obj) : warning LNK4099: 未找到 PDB“vc120.pdb”(使用“libglog_static.lib(raw_logging.obj)”或在“E:\OpenSource_BSD\ctp_trade\x64\Debug\vc120.pdb”中寻找)；正在链接对象，如同没有调试信息一样
     1>libglog_static.lib(utilities.obj) : warning LNK4099: 未找到 PDB“vc120.pdb”(使用“libglog_static.lib(utilities.obj)”或在“E:\OpenSource_BSD\ctp_trade\x64\Debug\vc120.pdb”中寻找)；正在链接对象，如同没有调试信息一样
     1>libglog_static.lib(vlog_is_on.obj) : warning LNK4099: 未找到 PDB“vc120.pdb”(使用“libglog_static.lib(vlog_is_on.obj)”或在“E:\OpenSource_BSD\ctp_trade\x64\Debug\vc120.pdb”中寻找)；正在链接对象，如同没有调试信息一样
         ctp_trade.vcxproj -> E:\OpenSource_BSD\ctp_trade\x64\Debug\ctp_trade.exe
     1>已完成生成项目“E:\OpenSource_BSD\ctp_trade\ctp_trade\ctp_trade.vcxproj”(Build 个目标)的操作。

生成成功。

已用时间 00:00:09.45
